<?xml version="1.0" encoding="UTF-8"?>
<!-- Generated by org.testng.reporters.JUnitXMLReporter -->
<testsuite ignored="2" hostname="Neelams-iMac.local" failures="0" tests="1" name="Car_loan" time="0.004" errors="0" timestamp="2022-01-13T15:36:33 PST">
  <testcase classname="groupsTestNGDemo.Car_loan" name="APILoginCarLoan" time="0.002"/>
  <testcase classname="groupsTestNGDemo.Car_loan" name="MobileLoginCarLoan" time="0.0">
    <ignored/>
  </testcase> <!-- MobileLoginCarLoan -->
  <testcase classname="groupsTestNGDemo.Car_loan" name="WebLoginCarLoan" time="0.0">
    <ignored/>
  </testcase> <!-- WebLoginCarLoan -->
</testsuite> <!-- Car_loan -->
