<?xml version="1.0" encoding="UTF-8"?>
<!-- Generated by org.testng.reporters.JUnitXMLReporter -->
<testsuite ignored="0" hostname="Neelams-iMac.local" failures="0" tests="3" name="demoTest" time="0.077" errors="0" timestamp="2022-01-13T15:20:30 PST">
  <testcase classname="TestNGDemo.singleTest" name="MobleLoginCarLoan" time="0.013"/>
  <testcase classname="TestNGDemo.multipleTest" name="MobileLoginHomeLoan" time="0.002"/>
  <testcase classname="TestNGDemo.multipleTest" name="WebLoginPersonalLoan" time="0.002"/>
</testsuite> <!-- demoTest -->
