<?xml version="1.0" encoding="UTF-8"?>
<!-- Generated by org.testng.reporters.JUnitXMLReporter -->
<testsuite ignored="1" hostname="Neelams-iMac.local" failures="0" tests="2" name="Group B" time="0.013" errors="0" timestamp="2022-01-13T15:42:46 PST">
  <testcase classname="groupsTestNGDemo.multipleGroups" name="testcase2" time="0.003"/>
  <testcase classname="groupsTestNGDemo.multipleGroups" name="testcase3" time="0.003"/>
  <testcase classname="groupsTestNGDemo.multipleGroups" name="testcase1" time="0.0">
    <ignored/>
  </testcase> <!-- testcase1 -->
</testsuite> <!-- Group B -->
