<?xml version="1.0" encoding="UTF-8"?>
<!-- Generated by org.testng.reporters.JUnitXMLReporter -->
<testsuite ignored="1" hostname="Neelams-iMac.local" failures="0" tests="2" name="groupInGroups" time="0.056" errors="0" timestamp="2022-01-13T15:41:03 PST">
  <testcase classname="groupsTestNGDemo.groupInGroups" name="test1" time="0.009"/>
  <testcase classname="groupsTestNGDemo.groupInGroups" name="test2" time="0.001"/>
  <testcase classname="groupsTestNGDemo.groupInGroups" name="test3" time="0.0">
    <ignored/>
  </testcase> <!-- test3 -->
</testsuite> <!-- groupInGroups -->
