<?xml version="1.0" encoding="UTF-8"?>
<!-- Generated by org.testng.reporters.JUnitXMLReporter -->
<testsuite ignored="2" hostname="Neelams-iMac.local" failures="0" tests="1" name="Home_loan" time="0.003" errors="0" timestamp="2022-01-13T15:36:33 PST">
  <testcase classname="groupsTestNGDemo.Home_loan" name="MobileLoginHomeLoan" time="0.001"/>
  <testcase classname="groupsTestNGDemo.Home_loan" name="APILoginHomeLoan" time="0.0">
    <ignored/>
  </testcase> <!-- APILoginHomeLoan -->
  <testcase classname="groupsTestNGDemo.Home_loan" name="WebLoginHomeLoan" time="0.0">
    <ignored/>
  </testcase> <!-- WebLoginHomeLoan -->
</testsuite> <!-- Home_loan -->
