<?xml version="1.0" encoding="UTF-8"?>
<!-- Generated by org.testng.reporters.JUnitXMLReporter -->
<testsuite ignored="1" hostname="Neelams-iMac.local" failures="0" tests="2" name="IncludeExcludeGroups" time="0.037" errors="0" timestamp="2022-01-13T14:40:23 PST">
  <testcase classname="groupsTestNGDemo.IncludeExcludeGroups" name="test_case1" time="0.006"/>
  <testcase classname="groupsTestNGDemo.IncludeExcludeGroups" name="test_case2" time="0.001"/>
  <testcase classname="groupsTestNGDemo.IncludeExcludeGroups" name="test_case3" time="0.0">
    <ignored/>
  </testcase> <!-- test_case3 -->
</testsuite> <!-- IncludeExcludeGroups -->
