<?xml version="1.0" encoding="UTF-8"?>
<!-- Generated by org.testng.reporters.JUnitXMLReporter -->
<testsuite ignored="6" hostname="Neelams-iMac.local" failures="0" tests="3" name="Loan" time="0.073" errors="0" timestamp="2022-01-13T15:37:31 PST">
  <testcase classname="groupsTestNGDemo.Personal_loan" name="WebLoginPersonalLoan" time="0.013"/>
  <testcase classname="groupsTestNGDemo.Car_loan" name="APILoginCarLoan" time="0.002"/>
  <testcase classname="groupsTestNGDemo.Home_loan" name="MobileLoginHomeLoan" time="0.002"/>
  <testcase classname="groupsTestNGDemo.Car_loan" name="MobileLoginCarLoan" time="0.0">
    <ignored/>
  </testcase> <!-- MobileLoginCarLoan -->
  <testcase classname="groupsTestNGDemo.Car_loan" name="WebLoginCarLoan" time="0.0">
    <ignored/>
  </testcase> <!-- WebLoginCarLoan -->
  <testcase classname="groupsTestNGDemo.Home_loan" name="APILoginHomeLoan" time="0.0">
    <ignored/>
  </testcase> <!-- APILoginHomeLoan -->
  <testcase classname="groupsTestNGDemo.Personal_loan" name="APILoginPersonalLoan" time="0.0">
    <ignored/>
  </testcase> <!-- APILoginPersonalLoan -->
  <testcase classname="groupsTestNGDemo.Home_loan" name="WebLoginHomeLoan" time="0.0">
    <ignored/>
  </testcase> <!-- WebLoginHomeLoan -->
  <testcase classname="groupsTestNGDemo.Personal_loan" name="MobileLoginPersonalLoan" time="0.0">
    <ignored/>
  </testcase> <!-- MobileLoginPersonalLoan -->
</testsuite> <!-- Loan -->
