<?xml version="1.0" encoding="UTF-8"?>
<!-- Generated by org.testng.reporters.JUnitXMLReporter -->
<testsuite ignored="2" hostname="Neelams-iMac.local" failures="0" tests="1" name="Personal_loan" time="0.054" errors="0" timestamp="2022-01-13T15:36:33 PST">
  <testcase classname="groupsTestNGDemo.Personal_loan" name="WebLoginPersonalLoan" time="0.011"/>
  <testcase classname="groupsTestNGDemo.Personal_loan" name="APILoginPersonalLoan" time="0.0">
    <ignored/>
  </testcase> <!-- APILoginPersonalLoan -->
  <testcase classname="groupsTestNGDemo.Personal_loan" name="MobileLoginPersonalLoan" time="0.0">
    <ignored/>
  </testcase> <!-- MobileLoginPersonalLoan -->
</testsuite> <!-- Personal_loan -->
