<?xml version="1.0" encoding="UTF-8"?>
<!-- Generated by org.testng.reporters.JUnitXMLReporter -->
<testsuite ignored="1" hostname="Neelams-iMac.local" failures="0" tests="2" name="regExGroups" time="0.047" errors="0" timestamp="2022-01-13T15:39:22 PST">
  <testcase classname="groupsTestNGDemo.regExGroups" name="test_case1" time="0.007"/>
  <testcase classname="groupsTestNGDemo.regExGroups" name="test_case2" time="0.002"/>
  <testcase classname="groupsTestNGDemo.regExGroups" name="test_case3" time="0.0">
    <ignored/>
  </testcase> <!-- test_case3 -->
</testsuite> <!-- regExGroups -->
