<?xml version="1.0" encoding="UTF-8"?>
<!-- Generated by org.testng.reporters.JUnitXMLReporter -->
<testsuite ignored="1" hostname="Neelams-iMac.local" failures="0" tests="1" name="SecondTest" time="0.058" errors="0" timestamp="2022-01-13T15:31:16 PST">
  <testcase classname="TestNGDemo.multipleTest" name="WebLoginPersonalLoan" time="0.012"/>
  <testcase classname="TestNGDemo.multipleTest" name="MobileLoginHomeLoan" time="0.0">
    <ignored/>
  </testcase> <!-- MobileLoginHomeLoan -->
</testsuite> <!-- SecondTest -->
