<?xml version="1.0" encoding="UTF-8"?>
<!-- Generated by org.testng.reporters.JUnitXMLReporter -->
<testsuite ignored="2" hostname="Neelams-iMac.local" failures="0" tests="7" name="Test" time="0.16" errors="0" timestamp="2022-01-13T15:26:31 PST">
  <testcase classname="TestNGDemo.singleTest" name="MobleLoginCarLoan" time="0.011"/>
  <testcase classname="TestNGDemo.enabled" name="c_language" time="0.004"/>
  <testcase classname="TestNGDemo.enabled" name="java" time="0.001"/>
  <testcase classname="TestNGDemo.disableTest" name="MobileLoginHomeLoan" time="0.001"/>
  <testcase classname="TestNGDemo.priority" name="mango" time="0.0"/>
  <testcase classname="TestNGDemo.priority" name="watermelon" time="0.001"/>
  <testcase classname="TestNGDemo.priority" name="apple" time="0.001"/>
  <testcase classname="TestNGDemo.disableTest" name="WebLoginPersonalLoan" time="0.0">
    <ignored/>
  </testcase> <!-- WebLoginPersonalLoan -->
  <testcase classname="TestNGDemo.enabled" name="jira" time="0.0">
    <ignored/>
  </testcase> <!-- jira -->
</testsuite> <!-- Test -->
