<?xml version="1.0" encoding="UTF-8"?>
<!-- Generated by org.testng.reporters.JUnitXMLReporter -->
<testsuite ignored="0" hostname="Neelams-iMac.local" failures="1" tests="3" name="listener1" time="0.081" errors="0" timestamp="2022-01-18T15:42:15 PST">
  <testcase classname="listenersTestNGDemo.listenerTest1" name="testToFail" time="0.02">
    <failure type="java.lang.AssertionError" message="expected [true] but found [false]">
      <![CDATA[java.lang.AssertionError: expected [true] but found [false]
at listenersTestNGDemo.listenerTest1.testToFail(listenerTest1.java:20)
at java.base/java.util.ArrayList.forEach(ArrayList.java:1511)
... Removed 31 stack frames]]>
    </failure>
  </testcase> <!-- testToFail -->
  <testcase classname="listenersTestNGDemo.listenerTest1" name="testToPass" time="0.003"/>
  <testcase classname="listenersTestNGDemo.listenerTest1" name="testToSkip" time="0.002">
    <skipped/>
  </testcase> <!-- testToSkip -->
</testsuite> <!-- listener1 -->
