<?xml version="1.0" encoding="UTF-8"?>
<!-- Generated by org.testng.reporters.JUnitXMLReporter -->
<testsuite ignored="0" hostname="Neelams-iMac.local" failures="1" tests="3" name="listener" time="0.04" errors="0" timestamp="2022-01-18T13:29:17 PST">
  <testcase classname="listenersTestNGDemo.listenerTest2" name="testToFail" time="0.007">
    <failure type="java.lang.AssertionError" message="expected [true] but found [false]">
      <![CDATA[java.lang.AssertionError: expected [true] but found [false]
at listenersTestNGDemo.listenerTest2.testToFail(listenerTest2.java:18)
at java.base/java.util.ArrayList.forEach(ArrayList.java:1511)
... Removed 31 stack frames]]>
    </failure>
  </testcase> <!-- testToFail -->
  <testcase classname="listenersTestNGDemo.listenerTest2" name="testToPass" time="0.001"/>
  <testcase classname="listenersTestNGDemo.listenerTest2" name="testToSkip" time="0.001">
    <skipped/>
  </testcase> <!-- testToSkip -->
</testsuite> <!-- listener -->
